# JRE version: OpenJDK Runtime Environment Temurin-21.0.10+7 (21.0.10+7) (build 21.0.10+7-LTS)
# Java VM: OpenJDK 64-Bit Server VM Temurin-21.0.10+7 (21.0.10+7-LTS, mixed mode, sharing, tiered, compressed oops, compressed class ptrs, parallel gc, windows-amd64)
GC Precious Log:
 CardTable entry size: 512
 CPUs: 8 total, 8 available
 Memory: 7930M
 Large Page Support: Disabled
 NUMA Support: Disabled
 Compressed Oops: Enabled (32-bit)
 Alignments: Space 512K, Generation 512K, Heap 2M
 Heap Min Capacity: 100M
 Heap Initial Capacity: 100M
 Heap Max Capacity: 2G
 Pre-touch: Disabled
 Parallel Workers: 8
Heap:
 PSYoungGen      total 3584K, used 3571K [0x00000000d5580000, 0x00000000d5a80000, 0x0000000100000000)
  eden space 3072K, 100% used [0x00000000d5580000,0x00000000d5880000,0x00000000d5880000)
  from space 512K, 97% used [0x00000000d5980000,0x00000000d59fcdb8,0x00000000d5a00000)
  to   space 512K, 0% used [0x00000000d5a00000,0x00000000d5a00000,0x00000000d5a80000)
 ParOldGen       total 735744K, used 667716K [0x0000000080000000, 0x00000000ace80000, 0x00000000d5580000)
  object space 735744K, 90% used [0x0000000080000000,0x00000000a8c11388,0x00000000ace80000)
 Metaspace       used 82831K, committed 84608K, reserved 1179648K
  class space    used 8534K, committed 9344K, reserved 1048576K
GC Heap History (20 events):
Event: 1062.429 GC heap before
{Heap before GC invocations=1144 (full 4):
 PSYoungGen      total 3584K, used 3424K [0x00000000d5580000, 0x00000000d5b80000, 0x0000000100000000)
  eden space 2560K, 100% used [0x00000000d5580000,0x00000000d5800000,0x00000000d5800000)
  from space 1024K, 84% used [0x00000000d5a00000,0x00000000d5ad8000,0x00000000d5b00000)
  to   space 512K, 0% used [0x00000000d5b00000,0x00000000d5b00000,0x00000000d5b80000)
 ParOldGen       total 735744K, used 662920K [0x0000000080000000, 0x00000000ace80000, 0x00000000d5580000)
  object space 735744K, 90% used [0x0000000080000000,0x00000000a8762378,0x00000000ace80000)
 Metaspace       used 82738K, committed 84544K, reserved 1179648K
  class space    used 8530K, committed 9344K, reserved 1048576K
}
Event: 1062.432 GC heap after
{Heap after GC invocations=1144 (full 4):
 PSYoungGen      total 3584K, used 512K [0x00000000d5580000, 0x00000000d5b80000, 0x0000000100000000)
  eden space 3072K, 0% used [0x00000000d5580000,0x00000000d5580000,0x00000000d5880000)
  from space 512K, 100% used [0x00000000d5b00000,0x00000000d5b80000,0x00000000d5b80000)
  to   space 1536K, 0% used [0x00000000d5880000,0x00000000d5880000,0x00000000d5a00000)
 ParOldGen       total 735744K, used 663749K [0x0000000080000000, 0x00000000ace80000, 0x00000000d5580000)
  object space 735744K, 90% used [0x0000000080000000,0x00000000a8831738,0x00000000ace80000)
 Metaspace       used 82738K, committed 84544K, reserved 1179648K
  class space    used 8530K, committed 9344K, reserved 1048576K
}
Event: 1062.501 GC heap before
{Heap before GC invocations=1145 (full 4):
 PSYoungGen      total 3584K, used 3584K [0x00000000d5580000, 0x00000000d5b80000, 0x0000000100000000)
  eden space 3072K, 100% used [0x00000000d5580000,0x00000000d5880000,0x00000000d5880000)
  from space 512K, 100% used [0x00000000d5b00000,0x00000000d5b80000,0x00000000d5b80000)
  to   space 1536K, 0% used [0x00000000d5880000,0x00000000d5880000,0x00000000d5a00000)
 ParOldGen       total 735744K, used 663749K [0x0000000080000000, 0x00000000ace80000, 0x00000000d5580000)
  object space 735744K, 90% used [0x0000000080000000,0x00000000a8831738,0x00000000ace80000)
 Metaspace       used 82757K, committed 84544K, reserved 1179648K
  class space    used 8530K, committed 9344K, reserved 1048576K
}
Event: 1062.503 GC heap after
{Heap after GC invocations=1145 (full 4):
 PSYoungGen      total 4608K, used 192K [0x00000000d5580000, 0x00000000d5b80000, 0x0000000100000000)
  eden space 3072K, 0% used [0x00000000d5580000,0x00000000d5580000,0x00000000d5880000)
  from space 1536K, 12% used [0x00000000d5880000,0x00000000d58b0000,0x00000000d5a00000)
  to   space 1024K, 0% used [0x00000000d5a80000,0x00000000d5a80000,0x00000000d5b80000)
 ParOldGen       total 735744K, used 664197K [0x0000000080000000, 0x00000000ace80000, 0x00000000d5580000)
  object space 735744K, 90% used [0x0000000080000000,0x00000000a88a16b0,0x00000000ace80000)
 Metaspace       used 82757K, committed 84544K, reserved 1179648K
  class space    used 8530K, committed 9344K, reserved 1048576K
}
Event: 1062.604 GC heap before
{Heap before GC invocations=1146 (full 4):
 PSYoungGen      total 4608K, used 3264K [0x00000000d5580000, 0x00000000d5b80000, 0x0000000100000000)
  eden space 3072K, 100% used [0x00000000d5580000,0x00000000d5880000,0x00000000d5880000)
  from space 1536K, 12% used [0x00000000d5880000,0x00000000d58b0000,0x00000000d5a00000)
  to   space 1024K, 0% used [0x00000000d5a80000,0x00000000d5a80000,0x00000000d5b80000)
 ParOldGen       total 735744K, used 664197K [0x0000000080000000, 0x00000000ace80000, 0x00000000d5580000)
  object space 735744K, 90% used [0x0000000080000000,0x00000000a88a16b0,0x00000000ace80000)
 Metaspace       used 82775K, committed 84544K, reserved 1179648K
  class space    used 8530K, committed 9344K, reserved 1048576K
}
Event: 1062.607 GC heap after
{Heap after GC invocations=1146 (full 4):
 PSYoungGen      total 4096K, used 1005K [0x00000000d5580000, 0x00000000d5b80000, 0x0000000100000000)
  eden space 3072K, 0% used [0x00000000d5580000,0x00000000d5580000,0x00000000d5880000)
  from space 1024K, 98% used [0x00000000d5a80000,0x00000000d5b7b510,0x00000000d5b80000)
  to   space 1536K, 0% used [0x00000000d5880000,0x00000000d5880000,0x00000000d5a00000)
 ParOldGen       total 735744K, used 664245K [0x0000000080000000, 0x00000000ace80000, 0x00000000d5580000)
  object space 735744K, 90% used [0x0000000080000000,0x00000000a88ad6b0,0x00000000ace80000)
 Metaspace       used 82775K, committed 84544K, reserved 1179648K
  class space    used 8530K, committed 9344K, reserved 1048576K
}
Event: 1062.623 GC heap before
{Heap before GC invocations=1147 (full 4):
 PSYoungGen      total 4096K, used 4077K [0x00000000d5580000, 0x00000000d5b80000, 0x0000000100000000)
  eden space 3072K, 100% used [0x00000000d5580000,0x00000000d5880000,0x00000000d5880000)
  from space 1024K, 98% used [0x00000000d5a80000,0x00000000d5b7b510,0x00000000d5b80000)
  to   space 1536K, 0% used [0x00000000d5880000,0x00000000d5880000,0x00000000d5a00000)
 ParOldGen       total 735744K, used 664245K [0x0000000080000000, 0x00000000ace80000, 0x00000000d5580000)
  object space 735744K, 90% used [0x0000000080000000,0x00000000a88ad6b0,0x00000000ace80000)
 Metaspace       used 82777K, committed 84544K, reserved 1179648K
  class space    used 8530K, committed 9344K, reserved 1048576K
}
Event: 1062.629 GC heap after
{Heap after GC invocations=1147 (full 4):
 PSYoungGen      total 4608K, used 896K [0x00000000d5580000, 0x00000000d5b00000, 0x0000000100000000)
  eden space 3072K, 0% used [0x00000000d5580000,0x00000000d5580000,0x00000000d5880000)
  from space 1536K, 58% used [0x00000000d5880000,0x00000000d5960000,0x00000000d5a00000)
  to   space 1024K, 0% used [0x00000000d5a00000,0x00000000d5a00000,0x00000000d5b00000)
 ParOldGen       total 735744K, used 665106K [0x0000000080000000, 0x00000000ace80000, 0x00000000d5580000)
  object space 735744K, 90% used [0x0000000080000000,0x00000000a8984bc0,0x00000000ace80000)
 Metaspace       used 82777K, committed 84544K, reserved 1179648K
  class space    used 8530K, committed 9344K, reserved 1048576K
}
Event: 1062.827 GC heap before
{Heap before GC invocations=1148 (full 4):
 PSYoungGen      total 4608K, used 3658K [0x00000000d5580000, 0x00000000d5b00000, 0x0000000100000000)
  eden space 3072K, 89% used [0x00000000d5580000,0x00000000d5832920,0x00000000d5880000)
  from space 1536K, 58% used [0x00000000d5880000,0x00000000d5960000,0x00000000d5a00000)
  to   space 1024K, 0% used [0x00000000d5a00000,0x00000000d5a00000,0x00000000d5b00000)
 ParOldGen       total 735744K, used 665106K [0x0000000080000000, 0x00000000ace80000, 0x00000000d5580000)
  object space 735744K, 90% used [0x0000000080000000,0x00000000a8984bc0,0x00000000ace80000)
 Metaspace       used 82780K, committed 84544K, reserved 1179648K
  class space    used 8530K, committed 9344K, reserved 1048576K
}
Event: 1062.829 GC heap after
{Heap after GC invocations=1148 (full 4):
 PSYoungGen      total 3584K, used 256K [0x00000000d5580000, 0x00000000d5a80000, 0x0000000100000000)
  eden space 3072K, 0% used [0x00000000d5580000,0x00000000d5580000,0x00000000d5880000)
  from space 512K, 50% used [0x00000000d5a00000,0x00000000d5a40000,0x00000000d5a80000)
  to   space 512K, 0% used [0x00000000d5980000,0x00000000d5980000,0x00000000d5a00000)
 ParOldGen       total 735744K, used 665259K [0x0000000080000000, 0x00000000ace80000, 0x00000000d5580000)
  object space 735744K, 90% used [0x0000000080000000,0x00000000a89aaf00,0x00000000ace80000)
 Metaspace       used 82780K, committed 84544K, reserved 1179648K
  class space    used 8530K, committed 9344K, reserved 1048576K
}
Event: 1063.074 GC heap before
{Heap before GC invocations=1149 (full 4):
 PSYoungGen      total 3584K, used 3327K [0x00000000d5580000, 0x00000000d5a80000, 0x0000000100000000)
  eden space 3072K, 99% used [0x00000000d5580000,0x00000000d587ffe0,0x00000000d5880000)
  from space 512K, 50% used [0x00000000d5a00000,0x00000000d5a40000,0x00000000d5a80000)
  to   space 512K, 0% used [0x00000000d5980000,0x00000000d5980000,0x00000000d5a00000)
 ParOldGen       total 735744K, used 665259K [0x0000000080000000, 0x00000000ace80000, 0x00000000d5580000)
  object space 735744K, 90% used [0x0000000080000000,0x00000000a89aaf00,0x00000000ace80000)
 Metaspace       used 82798K, committed 84608K, reserved 1179648K
  class space    used 8534K, committed 9344K, reserved 1048576K
}
Event: 1063.077 GC heap after
{Heap after GC invocations=1149 (full 4):
 PSYoungGen      total 3584K, used 224K [0x00000000d5580000, 0x00000000d5a80000, 0x0000000100000000)
  eden space 3072K, 0% used [0x00000000d5580000,0x00000000d5580000,0x00000000d5880000)
  from space 512K, 43% used [0x00000000d5980000,0x00000000d59b8000,0x00000000d5a00000)
  to   space 512K, 0% used [0x00000000d5a00000,0x00000000d5a00000,0x00000000d5a80000)
 ParOldGen       total 735744K, used 665331K [0x0000000080000000, 0x00000000ace80000, 0x00000000d5580000)
  object space 735744K, 90% used [0x0000000080000000,0x00000000a89bcf00,0x00000000ace80000)
 Metaspace       used 82798K, committed 84608K, reserved 1179648K
  class space    used 8534K, committed 9344K, reserved 1048576K
}
Event: 1063.202 GC heap before
{Heap before GC invocations=1150 (full 4):
 PSYoungGen      total 3584K, used 3295K [0x00000000d5580000, 0x00000000d5a80000, 0x0000000100000000)
  eden space 3072K, 99% used [0x00000000d5580000,0x00000000d587fc90,0x00000000d5880000)
  from space 512K, 43% used [0x00000000d5980000,0x00000000d59b8000,0x00000000d5a00000)
  to   space 512K, 0% used [0x00000000d5a00000,0x00000000d5a00000,0x00000000d5a80000)
 ParOldGen       total 735744K, used 665331K [0x0000000080000000, 0x00000000ace80000, 0x00000000d5580000)
  object space 735744K, 90% used [0x0000000080000000,0x00000000a89bcf00,0x00000000ace80000)
 Metaspace       used 82808K, committed 84608K, reserved 1179648K
  class space    used 8534K, committed 9344K, reserved 1048576K
}
Event: 1063.204 GC heap after
{Heap after GC invocations=1150 (full 4):
 PSYoungGen      total 3584K, used 224K [0x00000000d5580000, 0x00000000d5a80000, 0x0000000100000000)
  eden space 3072K, 0% used [0x00000000d5580000,0x00000000d5580000,0x00000000d5880000)
  from space 512K, 43% used [0x00000000d5a00000,0x00000000d5a38000,0x00000000d5a80000)
  to   space 512K, 0% used [0x00000000d5980000,0x00000000d5980000,0x00000000d5a00000)
 ParOldGen       total 735744K, used 665393K [0x0000000080000000, 0x00000000ace80000, 0x00000000d5580000)
  object space 735744K, 90% used [0x0000000080000000,0x00000000a89cc5d0,0x00000000ace80000)
 Metaspace       used 82808K, committed 84608K, reserved 1179648K
  class space    used 8534K, committed 9344K, reserved 1048576K
}
Event: 1063.634 GC heap before
{Heap before GC invocations=1151 (full 4):
 PSYoungGen      total 3584K, used 3296K [0x00000000d5580000, 0x00000000d5a80000, 0x0000000100000000)
  eden space 3072K, 100% used [0x00000000d5580000,0x00000000d5880000,0x00000000d5880000)
  from space 512K, 43% used [0x00000000d5a00000,0x00000000d5a38000,0x00000000d5a80000)
  to   space 512K, 0% used [0x00000000d5980000,0x00000000d5980000,0x00000000d5a00000)
 ParOldGen       total 735744K, used 665393K [0x0000000080000000, 0x00000000ace80000, 0x00000000d5580000)
  object space 735744K, 90% used [0x0000000080000000,0x00000000a89cc5d0,0x00000000ace80000)
 Metaspace       used 82821K, committed 84608K, reserved 1179648K
  class space    used 8534K, committed 9344K, reserved 1048576K
}
Event: 1063.637 GC heap after
{Heap after GC invocations=1151 (full 4):
 PSYoungGen      total 3584K, used 256K [0x00000000d5580000, 0x00000000d5a80000, 0x0000000100000000)
  eden space 3072K, 0% used [0x00000000d5580000,0x00000000d5580000,0x00000000d5880000)
  from space 512K, 50% used [0x00000000d5980000,0x00000000d59c0000,0x00000000d5a00000)
  to   space 512K, 0% used [0x00000000d5a00000,0x00000000d5a00000,0x00000000d5a80000)
 ParOldGen       total 735744K, used 665441K [0x0000000080000000, 0x00000000ace80000, 0x00000000d5580000)
  object space 735744K, 90% used [0x0000000080000000,0x00000000a89d85d0,0x00000000ace80000)
 Metaspace       used 82821K, committed 84608K, reserved 1179648K
  class space    used 8534K, committed 9344K, reserved 1048576K
}
Event: 1115.837 GC heap before
{Heap before GC invocations=1152 (full 4):
 PSYoungGen      total 3584K, used 3328K [0x00000000d5580000, 0x00000000d5a80000, 0x0000000100000000)
  eden space 3072K, 100% used [0x00000000d5580000,0x00000000d5880000,0x00000000d5880000)
  from space 512K, 50% used [0x00000000d5980000,0x00000000d59c0000,0x00000000d5a00000)
  to   space 512K, 0% used [0x00000000d5a00000,0x00000000d5a00000,0x00000000d5a80000)
 ParOldGen       total 735744K, used 665441K [0x0000000080000000, 0x00000000ace80000, 0x00000000d5580000)
  object space 735744K, 90% used [0x0000000080000000,0x00000000a89d85d0,0x00000000ace80000)
 Metaspace       used 82829K, committed 84608K, reserved 1179648K
  class space    used 8534K, committed 9344K, reserved 1048576K
}
Event: 1115.840 GC heap after
{Heap after GC invocations=1152 (full 4):
 PSYoungGen      total 3584K, used 224K [0x00000000d5580000, 0x00000000d5a80000, 0x0000000100000000)
  eden space 3072K, 0% used [0x00000000d5580000,0x00000000d5580000,0x00000000d5880000)
  from space 512K, 43% used [0x00000000d5a00000,0x00000000d5a38000,0x00000000d5a80000)
  to   space 512K, 0% used [0x00000000d5980000,0x00000000d5980000,0x00000000d5a00000)
 ParOldGen       total 735744K, used 665449K [0x0000000080000000, 0x00000000ace80000, 0x00000000d5580000)
  object space 735744K, 90% used [0x0000000080000000,0x00000000a89da5d0,0x00000000ace80000)
 Metaspace       used 82829K, committed 84608K, reserved 1179648K
  class space    used 8534K, committed 9344K, reserved 1048576K
}
Event: 1115.872 GC heap before
{Heap before GC invocations=1153 (full 4):
 PSYoungGen      total 3584K, used 3296K [0x00000000d5580000, 0x00000000d5a80000, 0x0000000100000000)
  eden space 3072K, 100% used [0x00000000d5580000,0x00000000d5880000,0x00000000d5880000)
  from space 512K, 43% used [0x00000000d5a00000,0x00000000d5a38000,0x00000000d5a80000)
  to   space 512K, 0% used [0x00000000d5980000,0x00000000d5980000,0x00000000d5a00000)
 ParOldGen       total 735744K, used 665449K [0x0000000080000000, 0x00000000ace80000, 0x00000000d5580000)
  object space 735744K, 90% used [0x0000000080000000,0x00000000a89da5d0,0x00000000ace80000)
 Metaspace       used 82831K, committed 84608K, reserved 1179648K
  class space    used 8534K, committed 9344K, reserved 1048576K
}
Event: 1117.881 GC heap after
{Heap after GC invocations=1153 (full 4):
 PSYoungGen      total 3584K, used 499K [0x00000000d5580000, 0x00000000d5a80000, 0x0000000100000000)
  eden space 3072K, 0% used [0x00000000d5580000,0x00000000d5580000,0x00000000d5880000)
  from space 512K, 97% used [0x00000000d5980000,0x00000000d59fcdb8,0x00000000d5a00000)
  to   space 512K, 0% used [0x00000000d5a00000,0x00000000d5a00000,0x00000000d5a80000)
 ParOldGen       total 735744K, used 667716K [0x0000000080000000, 0x00000000ace80000, 0x00000000d5580000)
  object space 735744K, 90% used [0x0000000080000000,0x00000000a8c11388,0x00000000ace80000)
 Metaspace       used 82831K, committed 84608K, reserved 1179648K
  class space    used 8534K, committed 9344K, reserved 1048576K
}

